<?xml version="1.0" encoding="UTF-8"?>
<testng-results skipped="0" failed="0" total="1" passed="1">
  <reporter-output>
  </reporter-output>
  <suite name="Default suite" duration-ms="8967" started-at="2020-01-27T15:48:45Z" finished-at="2020-01-27T15:48:53Z">
    <groups>
    </groups>
    <test name="Default test" duration-ms="8967" started-at="2020-01-27T15:48:45Z" finished-at="2020-01-27T15:48:53Z">
      <class name="servicesAndAPIs.Info_Post">
        <test-method status="PASS" signature="validatetariffPlan()[pri:0, instance:servicesAndAPIs.Info_Post@3fee9989]" name="validatetariffPlan" duration-ms="8954" started-at="2020-01-27T17:48:45Z" finished-at="2020-01-27T17:48:53Z">
          <reporter-output>
          </reporter-output>
        </test-method> <!-- validatetariffPlan -->
      </class> <!-- servicesAndAPIs.Info_Post -->
    </test> <!-- Default test -->
  </suite> <!-- Default suite -->
</testng-results>
